<?xml version="1.0" encoding="UTF-8"?>
<!-- Generated by org.testng.reporters.JUnitReportReporter -->
<testsuite hostname="Mariias-MacBook-Pro.local" failures="0" tests="1" name="com.hrms.testcases.AddEmployeeTest" time="11.972" errors="0" timestamp="2021-01-13T20:40:23 EST" skipped="0">
  <testcase classname="com.hrms.testcases.AddEmployeeTest" name="addEmployee" time="11.972"/>
  <system-out/>
</testsuite> <!-- com.hrms.testcases.AddEmployeeTest -->
