<?xml version="1.0" encoding="UTF-8"?>
<!-- Generated by org.testng.reporters.JUnitReportReporter -->
<testsuite hostname="Mariias-MacBook-Pro.local" failures="0" tests="4" name="com.hrms.testcases.LoginTest" time="14.156" errors="0" timestamp="2021-01-13T20:40:23 EST" skipped="0">
  <testcase classname="com.hrms.testcases.LoginTest" name="invalidLoginErrorMessageValidation" time="2.798"/>
  <system-out/>
  <testcase classname="com.hrms.testcases.LoginTest" name="invalidLoginErrorMessageValidation" time="3.889"/>
  <system-out/>
  <testcase classname="com.hrms.testcases.LoginTest" name="invalidLoginErrorMessageValidation" time="4.698"/>
  <system-out/>
  <testcase classname="com.hrms.testcases.LoginTest" name="invalidLoginErrorMessageValidation" time="2.771"/>
  <system-out/>
</testsuite> <!-- com.hrms.testcases.LoginTest -->
